<?xml version="1.0" encoding="utf-8"?><testsuites name="pytest tests"><testsuite name="pytest" errors="0" failures="1" skipped="0" tests="75" time="35.328" timestamp="2026-04-28T16:23:00.442809+00:00" hostname="agent-env-7b3e6866-9b4f-44e5-bf80-f6619e99f671"><testcase classname="backend.tests.test_bot_multiplataforma.TestBasicEndpoints" name="test_root" time="0.161" /><testcase classname="backend.tests.test_bot_multiplataforma.TestBasicEndpoints" name="test_status" time="0.061" /><testcase classname="backend.tests.test_bot_multiplataforma.TestCommands" name="test_help_command" time="0.056" /><testcase classname="backend.tests.test_bot_multiplataforma.TestCommands" name="test_status_command" time="0.053"><failure message="assert ('Estado' in &quot;Error ejecutando 'status': 'provider'&quot; or 'estado' in &quot;error ejecutando 'status': 'provider'&quot;)&#10; +  where &quot;error ejecutando 'status': 'provider'&quot; = &lt;built-in method lower of str object at 0xfc9203b045d0&gt;()&#10; +    where &lt;built-in method lower of str object at 0xfc9203b045d0&gt; = &quot;Error ejecutando 'status': 'provider'&quot;.lower">E   assert ('Estado' in "Error ejecutando 'status': 'provider'" or 'estado' in "error ejecutando 'status': 'provider'")
     +  where "error ejecutando 'status': 'provider'" = &lt;built-in method lower of str object at 0xfc9203b045d0&gt;()
     +    where &lt;built-in method lower of str object at 0xfc9203b045d0&gt; = "Error ejecutando 'status': 'provider'".lower</failure></testcase><testcase classname="backend.tests.test_bot_multiplataforma.TestCommands" name="test_create_app" time="0.121" /><testcase classname="backend.tests.test_bot_multiplataforma.TestCommands" name="test_github_not_configured" time="0.050" /><testcase classname="backend.tests.test_bot_multiplataforma.TestCommands" name="test_server_command_echo" time="0.073" /><testcase classname="backend.tests.test_bot_multiplataforma.TestCommands" name="test_security_blocks_dangerous" time="0.052" /><testcase classname="backend.tests.test_bot_multiplataforma.TestCommands" name="test_command_missing_message" time="0.051" /><testcase classname="backend.tests.test_bot_multiplataforma.TestAI" name="test_ai_business_reply" time="4.449" /><testcase classname="backend.tests.test_bot_multiplataforma.TestAI" name="test_memory_context_followup" time="7.663" /><testcase classname="backend.tests.test_bot_multiplataforma.TestWhatsAppWebhook" name="test_verify_ok" time="0.073" /><testcase classname="backend.tests.test_bot_multiplataforma.TestWhatsAppWebhook" name="test_verify_wrong_token" time="0.053" /><testcase classname="backend.tests.test_bot_multiplataforma.TestWhatsAppWebhook" name="test_post_valid_payload" time="0.052" /><testcase classname="backend.tests.test_bot_multiplataforma.TestTelegramWebhook" name="test_invalid_token_403" time="0.053" /><testcase classname="backend.tests.test_bot_multiplataforma.TestInstagramWebhook" name="test_post_valid_payload" time="0.070" /><testcase classname="backend.tests.test_iteration_2_affiliates.TestAuth" name="test_login_admin_success" time="0.398" /><testcase classname="backend.tests.test_iteration_2_affiliates.TestAuth" name="test_login_wrong_password" time="0.378" /><testcase classname="backend.tests.test_iteration_2_affiliates.TestAuth" name="test_me_with_token" time="0.518" /><testcase classname="backend.tests.test_iteration_2_affiliates.TestAuth" name="test_me_without_token" time="0.131" /><testcase classname="backend.tests.test_iteration_2_affiliates.TestAffiliates" name="test_create_affiliate_admin" time="0.355" /><testcase classname="backend.tests.test_iteration_2_affiliates.TestAffiliates" name="test_create_duplicate_email_409" time="0.143" /><testcase classname="backend.tests.test_iteration_2_affiliates.TestAffiliates" name="test_list_affiliates_admin" time="0.136" /><testcase classname="backend.tests.test_iteration_2_affiliates.TestAffiliates" name="test_list_affiliates_forbidden_for_affiliate" time="0.479" /><testcase classname="backend.tests.test_iteration_2_affiliates.TestAffiliates" name="test_patch_deactivate" time="0.258" /><testcase classname="backend.tests.test_iteration_2_affiliates.TestSales" name="test_create_sale_admin_calculates_commission" time="0.129" /><testcase classname="backend.tests.test_iteration_2_affiliates.TestSales" name="test_create_sale_invalid_code" time="0.152" /><testcase classname="backend.tests.test_iteration_2_affiliates.TestSales" name="test_create_sale_forbidden_for_affiliate" time="0.116" /><testcase classname="backend.tests.test_iteration_2_affiliates.TestSales" name="test_list_sales_admin_sees_all" time="0.145" /><testcase classname="backend.tests.test_iteration_2_affiliates.TestSales" name="test_list_sales_affiliate_only_own" time="0.121" /><testcase classname="backend.tests.test_iteration_2_affiliates.TestSales" name="test_mark_paid" time="0.119" /><testcase classname="backend.tests.test_iteration_2_affiliates.TestStats" name="test_stats_me_admin" time="0.152" /><testcase classname="backend.tests.test_iteration_2_affiliates.TestStats" name="test_stats_me_affiliate" time="0.119" /><testcase classname="backend.tests.test_iteration_2_affiliates.TestStats" name="test_stats_network_admin" time="0.132" /><testcase classname="backend.tests.test_iteration_2_affiliates.TestStats" name="test_stats_network_forbidden_for_affiliate" time="0.118" /><testcase classname="backend.tests.test_iteration_2_affiliates.TestExistingEndpoints" name="test_root" time="0.117" /><testcase classname="backend.tests.test_iteration_2_affiliates.TestExistingEndpoints" name="test_status" time="0.104" /><testcase classname="backend.tests.test_iteration_2_affiliates.TestExistingEndpoints" name="test_command_real_openai" time="0.704" /><testcase classname="backend.tests.test_iteration_2_affiliates.TestExistingEndpoints" name="test_whatsapp_verify_403" time="0.140" /><testcase classname="backend.tests.test_iteration_2_affiliates.TestExistingEndpoints" name="test_whatsapp_verify_ok" time="0.136" /><testcase classname="backend.tests.test_iteration_2_affiliates.TestExistingEndpoints" name="test_telegram_token_invalid" time="0.125" /><testcase classname="backend.tests.test_iteration_3_branding.TestBrandingPublicRead" name="test_get_branding_public_no_auth" time="0.125" /><testcase classname="backend.tests.test_iteration_3_branding.TestBrandingPutAuth" name="test_put_no_token_returns_401" time="0.109" /><testcase classname="backend.tests.test_iteration_3_branding.TestBrandingPutAuth" name="test_put_affiliate_returns_403" time="0.952" /><testcase classname="backend.tests.test_iteration_3_branding.TestBrandingPutAuth" name="test_reset_no_token_returns_401" time="0.109" /><testcase classname="backend.tests.test_iteration_3_branding.TestBrandingPutAuth" name="test_reset_affiliate_returns_403" time="0.116" /><testcase classname="backend.tests.test_iteration_3_branding.TestBrandingPutAdmin" name="test_put_admin_updates_and_merges" time="0.552" /><testcase classname="backend.tests.test_iteration_3_branding.TestBrandingPutAdmin" name="test_put_large_logo_500kb_accepted" time="0.446" /><testcase classname="backend.tests.test_iteration_3_branding.TestBrandingPutAdmin" name="test_reset_restores_defaults" time="0.107" /><testcase classname="backend.tests.test_iteration_3_branding.TestSaleDeactivatedAffiliate" name="test_create_sale_for_deactivated_returns_400" time="0.555" /><testcase classname="backend.tests.test_iteration_3_branding.TestRegression" name="test_root" time="0.109" /><testcase classname="backend.tests.test_iteration_3_branding.TestRegression" name="test_status" time="0.121" /><testcase classname="backend.tests.test_iteration_3_branding.TestRegression" name="test_admin_login" time="0.349" /><testcase classname="backend.tests.test_iteration_3_branding.TestRegression" name="test_juan_login_and_stats" time="0.262" /><testcase classname="backend.tests.test_iteration_3_branding.TestRegression" name="test_juan_cannot_access_network_stats" time="0.152" /><testcase classname="backend.tests.test_iteration_3_branding.TestRegression" name="test_admin_network_stats" time="0.138" /><testcase classname="backend.tests.test_iteration_3_branding.TestPersistenceAfterRestart" name="test_persistence_after_backend_restart" time="6.684" /><testcase classname="backend.tests.test_iteration_4_admin_telegram.TestAdminMigration" name="test_new_admin_login_ok" time="0.371" /><testcase classname="backend.tests.test_iteration_4_admin_telegram.TestAdminMigration" name="test_old_admin_login_rejected" time="0.163" /><testcase classname="backend.tests.test_iteration_4_admin_telegram.TestAdminMigration" name="test_old_admin_login_other_passwords_rejected" time="0.501" /><testcase classname="backend.tests.test_iteration_4_admin_telegram.TestAdminMigration" name="test_only_one_admin_in_system" time="0.624" /><testcase classname="backend.tests.test_iteration_4_admin_telegram.TestBrandingDefaults" name="test_branding_public_no_auth" time="0.124" /><testcase classname="backend.tests.test_iteration_4_admin_telegram.TestMiRendimientoCommand" name="test_command_with_juan_chat_id" time="0.111" /><testcase classname="backend.tests.test_iteration_4_admin_telegram.TestMiRendimientoCommand" name="test_command_with_unknown_chat_id" time="0.135" /><testcase classname="backend.tests.test_iteration_4_admin_telegram.TestTelegramWebhook" name="test_webhook_invalid_token_403" time="0.151" /><testcase classname="backend.tests.test_iteration_4_admin_telegram.TestTelegramWebhook" name="test_webhook_valid_token_returns_ok" time="0.864" /><testcase classname="backend.tests.test_iteration_4_admin_telegram.TestTelegramWebhook" name="test_webhook_unknown_user_does_not_crash" time="0.843" /><testcase classname="backend.tests.test_iteration_4_admin_telegram.TestTelegramWebhook" name="test_webhook_malformed_payload_does_not_500" time="0.130" /><testcase classname="backend.tests.test_iteration_4_admin_telegram.TestAffiliateLink" name="test_juan_login_and_stats" time="0.550" /><testcase classname="backend.tests.test_iteration_4_admin_telegram.TestRegression" name="test_root" time="0.108" /><testcase classname="backend.tests.test_iteration_4_admin_telegram.TestRegression" name="test_status" time="0.102" /><testcase classname="backend.tests.test_iteration_4_admin_telegram.TestRegression" name="test_command_general" time="0.105" /><testcase classname="backend.tests.test_iteration_4_admin_telegram.TestRegression" name="test_affiliates_list_admin" time="0.152" /><testcase classname="backend.tests.test_iteration_4_admin_telegram.TestTelegramBotIdentity" name="test_get_me" time="0.362" /><testcase classname="backend.tests.test_iteration_4_admin_telegram.TestTelegramBotIdentity" name="test_webhook_info_points_to_us" time="0.358" /></testsuite></testsuites>