<?xml version="1.0" encoding="utf-8"?><testsuites name="pytest tests"><testsuite name="pytest" errors="0" failures="0" skipped="0" tests="7" time="6.104" timestamp="2026-05-16T12:09:33.367021+00:00" hostname="agent-env-7b3e6866-9b4f-44e5-bf80-f6619e99f671"><testcase classname="backend.tests.test_iteration_8_estilista.TestEstilistaCatalog" name="test_estilista_visual_present_in_agents" time="0.588" /><testcase classname="backend.tests.test_iteration_8_estilista.TestEstilistaVisionFlow" name="test_create_session_and_send_face_image" time="3.357" /><testcase classname="backend.tests.test_iteration_8_estilista.TestMeSettings" name="test_get_settings" time="0.157" /><testcase classname="backend.tests.test_iteration_8_estilista.TestMeSettings" name="test_put_settings_roundtrip" time="0.205" /><testcase classname="backend.tests.test_iteration_8_estilista.TestMeSettings" name="test_github_push_endpoint_exists" time="0.102" /><testcase classname="backend.tests.test_iteration_8_estilista.TestVoiceRegression" name="test_transcribe_endpoint_exists" time="0.141" /><testcase classname="backend.tests.test_iteration_8_estilista.TestVoiceRegression" name="test_tts_endpoint_works" time="1.490" /></testsuite></testsuites>