<?xml version="1.0" encoding="utf-8"?><testsuites name="pytest tests"><testsuite name="pytest" errors="0" failures="0" skipped="0" tests="7" time="9.040" timestamp="2026-05-16T16:55:41.885800+00:00" hostname="agent-env-7b3e6866-9b4f-44e5-bf80-f6619e99f671"><testcase classname="backend.tests.test_iteration_17_app_builder_pro.TestAgentCatalog" name="test_agents_list_contains_app_builder_pro" time="0.470" /><testcase classname="backend.tests.test_iteration_17_app_builder_pro.TestAgentCatalog" name="test_other_agents_still_present" time="0.115" /><testcase classname="backend.tests.test_iteration_17_app_builder_pro.TestCreditsEndpoint" name="test_credits_me_ok" time="0.102" /><testcase classname="backend.tests.test_iteration_17_app_builder_pro.TestTemplateImportable" name="test_audio_room_backend_imports" time="0.379" /><testcase classname="backend.tests.test_iteration_17_app_builder_pro.TestAppBuilderToolFlow" name="test_01_tool_invoked_and_files_materialized" time="4.485" /><testcase classname="backend.tests.test_iteration_17_app_builder_pro.TestAppBuilderToolFlow" name="test_02_reinvocation_same_app_name_fails_cleanly_and_admin_free" time="3.428" /><testcase classname="backend.tests.test_iteration_17_app_builder_pro.TestAppBuilderToolFlow" name="test_03_cleanup_generated_app" time="0.001" /></testsuite></testsuites>