<?xml version="1.0" encoding="utf-8"?><testsuites name="pytest tests"><testsuite name="pytest" errors="0" failures="0" skipped="0" tests="7" time="5.689" timestamp="2026-05-16T14:01:20.602835+00:00" hostname="agent-env-7b3e6866-9b4f-44e5-bf80-f6619e99f671"><testcase classname="backend.tests.test_iteration_15_paypal_trial" name="test_site_content_has_trial_oros_and_cta" time="0.317" /><testcase classname="backend.tests.test_iteration_15_paypal_trial" name="test_register_grants_default_15_oros" time="0.527" /><testcase classname="backend.tests.test_iteration_15_paypal_trial" name="test_register_dynamic_trial_via_site_content" time="1.037" /><testcase classname="backend.tests.test_iteration_15_paypal_trial" name="test_anti_farming_429_on_4th_register" time="2.538" /><testcase classname="backend.tests.test_iteration_15_paypal_trial" name="test_paypal_create_order_has_approve_url" time="0.539" /><testcase classname="backend.tests.test_iteration_15_paypal_trial" name="test_paypal_capture_unknown_order_404" time="0.542" /><testcase classname="backend.tests.test_iteration_15_paypal_trial" name="test_admin_login_works" time="0.126" /></testsuite></testsuites>