<?xml version="1.0" encoding="utf-8"?><testsuites name="pytest tests"><testsuite name="pytest" errors="0" failures="0" skipped="0" tests="25" time="5.675" timestamp="2026-04-28T15:39:26.048594+00:00" hostname="agent-env-7b3e6866-9b4f-44e5-bf80-f6619e99f671"><testcase classname="backend.tests.test_iteration_2_affiliates.TestAuth" name="test_login_admin_success" time="0.376" /><testcase classname="backend.tests.test_iteration_2_affiliates.TestAuth" name="test_login_wrong_password" time="0.340" /><testcase classname="backend.tests.test_iteration_2_affiliates.TestAuth" name="test_me_with_token" time="0.462" /><testcase classname="backend.tests.test_iteration_2_affiliates.TestAuth" name="test_me_without_token" time="0.115" /><testcase classname="backend.tests.test_iteration_2_affiliates.TestAffiliates" name="test_create_affiliate_admin" time="0.352" /><testcase classname="backend.tests.test_iteration_2_affiliates.TestAffiliates" name="test_create_duplicate_email_409" time="0.125" /><testcase classname="backend.tests.test_iteration_2_affiliates.TestAffiliates" name="test_list_affiliates_admin" time="0.125" /><testcase classname="backend.tests.test_iteration_2_affiliates.TestAffiliates" name="test_list_affiliates_forbidden_for_affiliate" time="0.471" /><testcase classname="backend.tests.test_iteration_2_affiliates.TestAffiliates" name="test_patch_deactivate" time="0.251" /><testcase classname="backend.tests.test_iteration_2_affiliates.TestSales" name="test_create_sale_admin_calculates_commission" time="0.114" /><testcase classname="backend.tests.test_iteration_2_affiliates.TestSales" name="test_create_sale_invalid_code" time="0.128" /><testcase classname="backend.tests.test_iteration_2_affiliates.TestSales" name="test_create_sale_forbidden_for_affiliate" time="0.134" /><testcase classname="backend.tests.test_iteration_2_affiliates.TestSales" name="test_list_sales_admin_sees_all" time="0.164" /><testcase classname="backend.tests.test_iteration_2_affiliates.TestSales" name="test_list_sales_affiliate_only_own" time="0.148" /><testcase classname="backend.tests.test_iteration_2_affiliates.TestSales" name="test_mark_paid" time="0.135" /><testcase classname="backend.tests.test_iteration_2_affiliates.TestStats" name="test_stats_me_admin" time="0.125" /><testcase classname="backend.tests.test_iteration_2_affiliates.TestStats" name="test_stats_me_affiliate" time="0.118" /><testcase classname="backend.tests.test_iteration_2_affiliates.TestStats" name="test_stats_network_admin" time="0.159" /><testcase classname="backend.tests.test_iteration_2_affiliates.TestStats" name="test_stats_network_forbidden_for_affiliate" time="0.136" /><testcase classname="backend.tests.test_iteration_2_affiliates.TestExistingEndpoints" name="test_root" time="0.119" /><testcase classname="backend.tests.test_iteration_2_affiliates.TestExistingEndpoints" name="test_status" time="0.128" /><testcase classname="backend.tests.test_iteration_2_affiliates.TestExistingEndpoints" name="test_command_real_openai" time="0.910" /><testcase classname="backend.tests.test_iteration_2_affiliates.TestExistingEndpoints" name="test_whatsapp_verify_403" time="0.179" /><testcase classname="backend.tests.test_iteration_2_affiliates.TestExistingEndpoints" name="test_whatsapp_verify_ok" time="0.147" /><testcase classname="backend.tests.test_iteration_2_affiliates.TestExistingEndpoints" name="test_telegram_token_invalid" time="0.111" /></testsuite></testsuites>