<?xml version="1.0" encoding="utf-8"?><testsuites name="pytest tests"><testsuite name="pytest" errors="0" failures="0" skipped="0" tests="19" time="3.688" timestamp="2026-05-19T18:41:17.958452+00:00" hostname="agent-env-7b3e6866-9b4f-44e5-bf80-f6619e99f671"><testcase classname="tests.test_iteration_24_tiktok_pushapp.TestPushAppEndpoint" name="test_push_app_requires_auth" time="0.297" /><testcase classname="tests.test_iteration_24_tiktok_pushapp.TestPushAppEndpoint" name="test_push_app_validates_payload" time="0.556" /><testcase classname="tests.test_iteration_24_tiktok_pushapp.TestPushAppEndpoint" name="test_push_app_404_when_app_missing" time="0.137" /><testcase classname="tests.test_iteration_24_tiktok_pushapp.TestPushAppEndpoint" name="test_push_app_invalid_target_owner_repo" time="0.159" /><testcase classname="tests.test_iteration_24_tiktok_pushapp.TestPushEndpointBackcompat" name="test_push_requires_auth" time="0.110" /><testcase classname="tests.test_iteration_24_tiktok_pushapp.TestPushEndpointBackcompat" name="test_push_accepts_extended_payload_shape" time="0.268" /><testcase classname="tests.test_iteration_24_tiktok_pushapp.TestPushEndpointBackcompat" name="test_push_legacy_payload_still_works" time="0.238" /><testcase classname="tests.test_iteration_24_tiktok_pushapp.TestPricingIncludesTiktok" name="test_pricing_has_generate_tiktok_app" time="0.127" /><testcase classname="tests.test_iteration_24_tiktok_pushapp.TestAgentsCatalog" name="test_app_builder_pro_lists_three_tools" time="0.128" /><testcase classname="tests.test_iteration_24_tiktok_pushapp.TestAppBuilderProChat" name="test_app_builder_system_prompt_mentions_tiktok" time="0.000" /><testcase classname="tests.test_iteration_24_tiktok_pushapp.TestTiktokTemplateMaterialization" name="test_list_templates_includes_tiktok" time="0.000" /><testcase classname="tests.test_iteration_24_tiktok_pushapp.TestTiktokTemplateMaterialization" name="test_materialize_creates_all_required_files" time="0.004" /><testcase classname="tests.test_iteration_24_tiktok_pushapp.TestTiktokTemplateMaterialization" name="test_no_unresolved_placeholders_in_materialized" time="0.002" /><testcase classname="tests.test_iteration_24_tiktok_pushapp.TestTiktokBackendBoots" name="test_health" time="1.363" /><testcase classname="tests.test_iteration_24_tiktok_pushapp.TestTiktokBackendBoots" name="test_videos_feed_seeded" time="0.003" /><testcase classname="tests.test_iteration_24_tiktok_pushapp.TestTiktokBackendBoots" name="test_videos_trending" time="0.002" /><testcase classname="tests.test_iteration_24_tiktok_pushapp.TestTiktokBackendBoots" name="test_users_top_has_three_creators" time="0.002" /><testcase classname="tests.test_iteration_24_tiktok_pushapp.TestTiktokBackendBoots" name="test_create_anonymous_user" time="0.027" /><testcase classname="tests.test_iteration_24_tiktok_pushapp.TestTiktokBackendBoots" name="test_gifts_catalog" time="0.166" /></testsuite></testsuites>