<?xml version="1.0" encoding="utf-8"?><testsuites name="pytest tests"><testsuite name="pytest" errors="0" failures="0" skipped="0" tests="26" time="5.075" timestamp="2026-05-17T05:12:06.345722+00:00" hostname="agent-env-7b3e6866-9b4f-44e5-bf80-f6619e99f671"><testcase classname="tests.test_iteration_20_pricing_pushlock.TestAdminPricingGet" name="test_admin_get_pricing" time="0.450" /><testcase classname="tests.test_iteration_20_pricing_pushlock.TestAdminPricingGet" name="test_user_get_pricing_403" time="0.439" /><testcase classname="tests.test_iteration_20_pricing_pushlock.TestAdminPricingGet" name="test_no_auth_get_pricing" time="0.111" /><testcase classname="tests.test_iteration_20_pricing_pushlock.TestAdminPricingPut" name="test_put_updates_and_persists" time="0.426" /><testcase classname="tests.test_iteration_20_pricing_pushlock.TestAdminPricingPut" name="test_put_unknown_tool_id_ignored" time="0.212" /><testcase classname="tests.test_iteration_20_pricing_pushlock.TestAdminPricingPut" name="test_put_negative_saturates_to_zero" time="0.328" /><testcase classname="tests.test_iteration_20_pricing_pushlock.TestAdminPricingPut" name="test_put_string_value_ignored" time="0.214" /><testcase classname="tests.test_iteration_20_pricing_pushlock.TestAdminPricingPut" name="test_put_user_403" time="0.107" /><testcase classname="tests.test_iteration_20_pricing_pushlock.TestPushLock" name="test_user_low_balance_locked" time="0.405" /><testcase classname="tests.test_iteration_20_pricing_pushlock.TestPushLock" name="test_threshold_modified_unlocks" time="0.486" /><testcase classname="tests.test_iteration_20_pricing_pushlock.TestPushLock" name="test_admin_bypasses_push_lock" time="0.225" /><testcase classname="tests.test_iteration_20_pricing_pushlock.TestDynamicCost" name="test_get_tool_price_reflects_admin_change" time="0.453" /><testcase classname="tests.test_iteration_21_gmail_autosend.TestConstants" name="test_autosend_threshold_is_09" time="0.000" /><testcase classname="tests.test_iteration_21_gmail_autosend.TestConstants" name="test_autosend_categories" time="0.000" /><testcase classname="tests.test_iteration_21_gmail_autosend.TestSendDraft" name="test_send_draft_success" time="0.001" /><testcase classname="tests.test_iteration_21_gmail_autosend.TestSendDraft" name="test_send_draft_failure_returns_none" time="0.000" /><testcase classname="tests.test_iteration_21_gmail_autosend.TestSendDraft" name="test_send_draft_exception_returns_none" time="0.001" /><testcase classname="tests.test_iteration_21_gmail_autosend.TestProcessInboxAutoSend" name="test_caseA_high_confidence_lead_caliente_autosends" time="0.007" /><testcase classname="tests.test_iteration_21_gmail_autosend.TestProcessInboxAutoSend" name="test_caseB_low_confidence_no_autosend" time="0.004" /><testcase classname="tests.test_iteration_21_gmail_autosend.TestProcessInboxAutoSend" name="test_caseC_high_confidence_comercial_no_autosend" time="0.004" /><testcase classname="tests.test_iteration_21_gmail_autosend.TestProcessInboxAutoSend" name="test_caseD_high_confidence_soporte_autosends" time="0.005" /><testcase classname="tests.test_iteration_21_gmail_autosend.TestProcessInboxAutoSend" name="test_caseE_spam_no_draft_no_send" time="0.004" /><testcase classname="tests.test_iteration_21_gmail_autosend.TestSystemPrompt" name="test_prompt_contains_autosender_rules" time="0.002" /><testcase classname="tests.test_iteration_21_gmail_autosend.TestSystemPrompt" name="test_classify_returns_spam_for_facebook_when_llm_says_so" time="0.291" /><testcase classname="tests.test_iteration_21_gmail_autosend.TestMetricsEndpoint" name="test_metrics_has_autosend_fields" time="0.438" /><testcase classname="tests.test_iteration_21_gmail_autosend.TestMetricsEndpoint" name="test_metrics_requires_admin" time="0.110" /></testsuite></testsuites>