<?xml version="1.0" encoding="utf-8"?><testsuites name="pytest tests"><testsuite name="pytest" errors="0" failures="0" skipped="0" tests="7" time="10.038" timestamp="2026-05-16T12:54:38.055892+00:00" hostname="agent-env-7b3e6866-9b4f-44e5-bf80-f6619e99f671"><testcase classname="backend.tests.test_iteration_13_sora2.TestCatalogSora2" name="test_marketing_lab_has_promo_video_tool" time="0.526" /><testcase classname="backend.tests.test_iteration_13_sora2.TestCatalogSora2" name="test_estilista_keeps_haircut_preview" time="0.108" /><testcase classname="backend.tests.test_iteration_13_sora2.TestVideoJobEndpoint" name="test_video_job_requires_auth" time="0.099" /><testcase classname="backend.tests.test_iteration_13_sora2.TestVideoJobEndpoint" name="test_video_job_404_for_unknown" time="0.099" /><testcase classname="backend.tests.test_iteration_13_sora2" name="test_video_gen_module_constants" time="1.466" /><testcase classname="backend.tests.test_iteration_13_sora2.TestMarketingLabVideoFlow" name="test_promo_video_enqueued_after_confirmation" time="5.788" /><testcase classname="backend.tests.test_iteration_13_sora2.TestMarketingLabVideoFlow" name="test_agent_asks_confirmation_before_calling_tool" time="1.893" /></testsuite></testsuites>