<?xml version="1.0" encoding="utf-8"?><testsuites name="pytest tests"><testsuite name="pytest" errors="0" failures="0" skipped="0" tests="12" time="5.635" timestamp="2026-05-16T21:54:54.855143+00:00" hostname="agent-env-7b3e6866-9b4f-44e5-bf80-f6619e99f671"><testcase classname="tests.test_iteration_20_pricing_pushlock.TestAdminPricingGet" name="test_admin_get_pricing" time="0.533" /><testcase classname="tests.test_iteration_20_pricing_pushlock.TestAdminPricingGet" name="test_user_get_pricing_403" time="0.498" /><testcase classname="tests.test_iteration_20_pricing_pushlock.TestAdminPricingGet" name="test_no_auth_get_pricing" time="0.123" /><testcase classname="tests.test_iteration_20_pricing_pushlock.TestAdminPricingPut" name="test_put_updates_and_persists" time="0.549" /><testcase classname="tests.test_iteration_20_pricing_pushlock.TestAdminPricingPut" name="test_put_unknown_tool_id_ignored" time="0.211" /><testcase classname="tests.test_iteration_20_pricing_pushlock.TestAdminPricingPut" name="test_put_negative_saturates_to_zero" time="0.388" /><testcase classname="tests.test_iteration_20_pricing_pushlock.TestAdminPricingPut" name="test_put_string_value_ignored" time="0.220" /><testcase classname="tests.test_iteration_20_pricing_pushlock.TestAdminPricingPut" name="test_put_user_403" time="0.110" /><testcase classname="tests.test_iteration_20_pricing_pushlock.TestPushLock" name="test_user_low_balance_locked" time="0.438" /><testcase classname="tests.test_iteration_20_pricing_pushlock.TestPushLock" name="test_threshold_modified_unlocks" time="0.514" /><testcase classname="tests.test_iteration_20_pricing_pushlock.TestPushLock" name="test_admin_bypasses_push_lock" time="1.520" /><testcase classname="tests.test_iteration_20_pricing_pushlock.TestDynamicCost" name="test_get_tool_price_reflects_admin_change" time="0.461" /></testsuite></testsuites>