<?xml version="1.0" encoding="utf-8"?><testsuites name="pytest tests"><testsuite name="pytest" errors="0" failures="0" skipped="0" tests="6" time="14.391" timestamp="2026-05-16T13:30:12.172914+00:00" hostname="agent-env-7b3e6866-9b4f-44e5-bf80-f6619e99f671"><testcase classname="backend.tests.test_iteration_14_fixes.TestMarketingLabABDecision" name="test_vague_request_asks_ab" time="4.278" /><testcase classname="backend.tests.test_iteration_14_fixes.TestMarketingLabSameTurnInvocation" name="test_explicit_confirmation_invokes_tool_same_turn" time="8.136" /><testcase classname="backend.tests.test_iteration_14_fixes.TestRegressionCatalog" name="test_marketing_lab_tools" time="0.100" /><testcase classname="backend.tests.test_iteration_14_fixes.TestRegressionCatalog" name="test_estilista_keeps_haircut" time="0.100" /><testcase classname="backend.tests.test_iteration_14_fixes.TestRegressionCatalog" name="test_video_job_endpoint_security" time="0.101" /><testcase classname="backend.tests.test_iteration_14_fixes.TestRegressionCatalog" name="test_video_gen_constants" time="1.610" /></testsuite></testsuites>