<?xml version="1.0" encoding="utf-8"?><testsuites name="pytest tests"><testsuite name="pytest" errors="0" failures="0" skipped="1" tests="6" time="0.842" timestamp="2026-05-16T17:19:09.180833+00:00" hostname="agent-env-7b3e6866-9b4f-44e5-bf80-f6619e99f671"><testcase classname="backend.tests.test_iteration_19_funnel.TestVoseosTranslated" name="test_server_py_no_vos_text" time="0.000" /><testcase classname="backend.tests.test_iteration_19_funnel.TestDemoHealth" name="test_health" time="0.262" /><testcase classname="backend.tests.test_iteration_19_funnel.TestDemoCTAInjected" name="test_cta_in_static_html" time="0.136" /><testcase classname="backend.tests.test_iteration_19_funnel.TestConvertEndpoint" name="test_convert_validation_400_short_password" time="0.109" /><testcase classname="backend.tests.test_iteration_19_funnel.TestConvertEndpoint" name="test_convert_validation_400_bad_email" time="0.118" /><testcase classname="backend.tests.test_iteration_19_funnel.TestConvertEndpoint" name="test_convert_happy_path_or_ratelimit" time="0.139"><skipped type="pytest.skip" message="Rate-limited 429 (expected anti-abuse). Body: {&quot;detail&quot;:&quot;Demasiados registros desde tu red. Esperá 24h o contactanos.&quot;}">/app/backend/tests/test_iteration_19_funnel.py:116: Rate-limited 429 (expected anti-abuse). Body: {"detail":"Demasiados registros desde tu red. Esperá 24h o contactanos."}</skipped></testcase></testsuite></testsuites>