<?xml version="1.0" encoding="utf-8"?><testsuites name="pytest tests"><testsuite name="pytest" errors="0" failures="0" skipped="0" tests="16" time="10.173" timestamp="2026-04-28T15:57:53.352437+00:00" hostname="agent-env-7b3e6866-9b4f-44e5-bf80-f6619e99f671"><testcase classname="backend.tests.test_iteration_3_branding.TestBrandingPublicRead" name="test_get_branding_public_no_auth" time="0.353" /><testcase classname="backend.tests.test_iteration_3_branding.TestBrandingPutAuth" name="test_put_no_token_returns_401" time="0.135" /><testcase classname="backend.tests.test_iteration_3_branding.TestBrandingPutAuth" name="test_put_affiliate_returns_403" time="0.495" /><testcase classname="backend.tests.test_iteration_3_branding.TestBrandingPutAuth" name="test_reset_no_token_returns_401" time="0.110" /><testcase classname="backend.tests.test_iteration_3_branding.TestBrandingPutAuth" name="test_reset_affiliate_returns_403" time="0.151" /><testcase classname="backend.tests.test_iteration_3_branding.TestBrandingPutAdmin" name="test_put_admin_updates_and_merges" time="0.650" /><testcase classname="backend.tests.test_iteration_3_branding.TestBrandingPutAdmin" name="test_put_large_logo_500kb_accepted" time="0.268" /><testcase classname="backend.tests.test_iteration_3_branding.TestBrandingPutAdmin" name="test_reset_restores_defaults" time="0.128" /><testcase classname="backend.tests.test_iteration_3_branding.TestSaleDeactivatedAffiliate" name="test_create_sale_for_deactivated_returns_400" time="0.428" /><testcase classname="backend.tests.test_iteration_3_branding.TestRegression" name="test_root" time="0.147" /><testcase classname="backend.tests.test_iteration_3_branding.TestRegression" name="test_status" time="0.203" /><testcase classname="backend.tests.test_iteration_3_branding.TestRegression" name="test_admin_login" time="0.337" /><testcase classname="backend.tests.test_iteration_3_branding.TestRegression" name="test_juan_login_and_stats" time="0.220" /><testcase classname="backend.tests.test_iteration_3_branding.TestRegression" name="test_juan_cannot_access_network_stats" time="0.115" /><testcase classname="backend.tests.test_iteration_3_branding.TestRegression" name="test_admin_network_stats" time="0.114" /><testcase classname="backend.tests.test_iteration_3_branding.TestPersistenceAfterRestart" name="test_persistence_after_backend_restart" time="6.236" /></testsuite></testsuites>