<?xml version="1.0" encoding="utf-8"?><testsuites name="pytest tests"><testsuite name="pytest" errors="0" failures="0" skipped="0" tests="26" time="6.289" timestamp="2026-05-14T06:19:57.304048+00:00" hostname="agent-env-7b3e6866-9b4f-44e5-bf80-f6619e99f671"><testcase classname="backend.tests.test_iteration_5_v10.TestPromos" name="test_list_promos_requires_auth" time="0.295" /><testcase classname="backend.tests.test_iteration_5_v10.TestPromos" name="test_create_list_delete_promo" time="0.893" /><testcase classname="backend.tests.test_iteration_5_v10.TestProposals" name="test_list_proposals_admin_only" time="0.121" /><testcase classname="backend.tests.test_iteration_5_v10.TestProposals" name="test_create_invalid_type_rejected" time="0.111" /><testcase classname="backend.tests.test_iteration_5_v10.TestProposals" name="test_proposal_approve_promo_end_to_end" time="0.412" /><testcase classname="backend.tests.test_iteration_5_v10.TestProposals" name="test_proposal_reject" time="0.327" /><testcase classname="backend.tests.test_iteration_5_v10.TestPaypal" name="test_packs_public" time="0.105" /><testcase classname="backend.tests.test_iteration_5_v10.TestPaypal" name="test_webhook_missing_signature_403" time="0.096" /><testcase classname="backend.tests.test_iteration_5_v10.TestTelegramUnified" name="test_agente_menu" time="0.101" /><testcase classname="backend.tests.test_iteration_5_v10.TestTelegramUnified" name="test_select_devops_and_miagente" time="0.241" /><testcase classname="backend.tests.test_iteration_5_v10.TestTelegramUnified" name="test_saldo" time="0.104" /><testcase classname="backend.tests.test_iteration_5_v10.TestTelegramUnified" name="test_normal_message_does_not_break" time="0.106" /><testcase classname="backend.tests.test_iteration_5_v10.TestCallCenter" name="test_requires_auth" time="0.105" /><testcase classname="backend.tests.test_iteration_5_v10.TestCallCenter" name="test_oversize_rejected" time="0.659" /><testcase classname="backend.tests.test_iteration_5_v10.TestCallCenter" name="test_unknown_agent_400" time="0.107" /><testcase classname="backend.tests.test_iteration_5_v10.TestCallCenter" name="test_openai_failure_is_502_not_500" time="0.380" /><testcase classname="backend.tests.test_iteration_5_v10.TestBranding" name="test_get_branding_has_extended_fields" time="0.105" /><testcase classname="backend.tests.test_iteration_5_v10.TestBranding" name="test_put_branding_admin" time="0.110" /><testcase classname="backend.tests.test_iteration_5_v10.TestBranding" name="test_put_branding_invalid_color" time="0.112" /><testcase classname="backend.tests.test_iteration_5_v10.TestDeployInfo" name="test_version_v10" time="0.115" /><testcase classname="backend.tests.test_iteration_5_v10.TestV9NotBroken" name="test_console_agents" time="0.099" /><testcase classname="backend.tests.test_iteration_5_v10.TestV9NotBroken" name="test_sessions_crud" time="0.326" /><testcase classname="backend.tests.test_iteration_5_v10.TestV9NotBroken" name="test_agency_clients" time="0.136" /><testcase classname="backend.tests.test_iteration_5_v10.TestV9NotBroken" name="test_agent_builder_list" time="0.164" /><testcase classname="backend.tests.test_iteration_5_v10.TestZAuthAndRateLimit" name="test_login_admin_ok" time="0.000" /><testcase classname="backend.tests.test_iteration_5_v10.TestZAuthAndRateLimit" name="test_login_rate_limit_429" time="0.861" /></testsuite></testsuites>