<?xml version="1.0" encoding="utf-8"?><testsuites name="pytest tests"><testsuite name="pytest" errors="2" failures="0" skipped="0" tests="14" time="3.457" timestamp="2026-05-16T16:55:31.883974+00:00" hostname="agent-env-7b3e6866-9b4f-44e5-bf80-f6619e99f671"><testcase classname="backend.tests.test_iteration_18_demo_and_push.TestDemoAudioRoomAPI" name="test_health" time="0.272" /><testcase classname="backend.tests.test_iteration_18_demo_and_push.TestDemoAudioRoomAPI" name="test_rooms_list" time="0.132" /><testcase classname="backend.tests.test_iteration_18_demo_and_push.TestDemoAudioRoomAPI" name="test_top_users" time="0.104" /><testcase classname="backend.tests.test_iteration_18_demo_and_push.TestDemoAudioRoomAPI" name="test_user_sofia" time="0.116" /><testcase classname="backend.tests.test_iteration_18_demo_and_push.TestDemoAudioRoomAPI" name="test_room_detail" time="0.114" /><testcase classname="backend.tests.test_iteration_18_demo_and_push.TestDemoStaticFrontend" name="test_index_html" time="0.095" /><testcase classname="backend.tests.test_iteration_18_demo_and_push.TestDemoStaticFrontend" name="test_app_js_no_syntax_error" time="0.134" /><testcase classname="backend.tests.test_iteration_18_demo_and_push.TestDemoStaticFrontend" name="test_styles_css_brand_color" time="0.131" /><testcase classname="backend.tests.test_iteration_18_demo_and_push.TestNewUserTrialAndAppBuilder" name="test_new_user_has_trial_credits" time="0.126"><error message="failed on setup with &quot;AssertionError: register failed: 429 {&quot;detail&quot;:&quot;Demasiados registros desde tu red. Esperá 24h o contactanos.&quot;}&#10;assert 429 in (200, 201)&#10; +  where 429 = &lt;Response [429]&gt;.status_code&quot;">backend/tests/test_iteration_18_demo_and_push.py:63: in new_user
    assert r.status_code in (200, 201), f"register failed: {r.status_code} {r.text[:300]}"
E   AssertionError: register failed: 429 {"detail":"Demasiados registros desde tu red. Esperá 24h o contactanos."}
E   assert 429 in (200, 201)
E    +  where 429 = &lt;Response [429]&gt;.status_code</error></testcase><testcase classname="backend.tests.test_iteration_18_demo_and_push.TestNewUserTrialAndAppBuilder" name="test_new_user_app_builder_flow" time="0.000"><error message="failed on setup with &quot;AssertionError: register failed: 429 {&quot;detail&quot;:&quot;Demasiados registros desde tu red. Esperá 24h o contactanos.&quot;}&#10;assert 429 in (200, 201)&#10; +  where 429 = &lt;Response [429]&gt;.status_code&quot;">backend/tests/test_iteration_18_demo_and_push.py:63: in new_user
    assert r.status_code in (200, 201), f"register failed: {r.status_code} {r.text[:300]}"
E   AssertionError: register failed: 429 {"detail":"Demasiados registros desde tu red. Esperá 24h o contactanos."}
E   assert 429 in (200, 201)
E    +  where 429 = &lt;Response [429]&gt;.status_code</error></testcase><testcase classname="backend.tests.test_iteration_18_demo_and_push.TestAdminGithubPush" name="test_github_validate" time="0.796" /><testcase classname="backend.tests.test_iteration_18_demo_and_push.TestAdminGithubPush" name="test_github_push_admin_app" time="0.997" /><testcase classname="backend.tests.test_iteration_18_demo_and_push.TestAdminGithubPush" name="test_github_repo_exists_on_github_api" time="0.175" /><testcase classname="backend.tests.test_iteration_18_demo_and_push.TestAdminGithubPush" name="test_github_has_expected_files" time="0.152" /></testsuite></testsuites>