<?xml version="1.0" encoding="utf-8"?><testsuites name="pytest tests"><testsuite name="pytest" errors="0" failures="0" skipped="0" tests="14" time="0.388" timestamp="2026-05-17T05:11:48.310872+00:00" hostname="agent-env-7b3e6866-9b4f-44e5-bf80-f6619e99f671"><testcase classname="tests.test_iteration_22_github_rest_push.TestSourceLevelHotfix" name="test_no_subprocess_import" time="0.001" /><testcase classname="tests.test_iteration_22_github_rest_push.TestSourceLevelHotfix" name="test_no_subprocess_calls" time="0.000" /><testcase classname="tests.test_iteration_22_github_rest_push.TestSourceLevelHotfix" name="test_no_git_binary_string" time="0.000" /><testcase classname="tests.test_iteration_22_github_rest_push.TestTokenFormatValidation" name="test_invalid_format_rejected_before_network" time="0.001" /><testcase classname="tests.test_iteration_22_github_rest_push.TestTokenFormatValidation" name="test_empty_token_rejected" time="0.001" /><testcase classname="tests.test_iteration_22_github_rest_push.TestTokenFormatValidation" name="test_too_short_token_rejected" time="0.000" /><testcase classname="tests.test_iteration_22_github_rest_push.TestTokenFormatValidation" name="test_fine_grained_format_passes_check" time="0.001" /><testcase classname="tests.test_iteration_22_github_rest_push.TestTokenFormatValidation" name="test_classic_format_with_bad_credentials" time="0.001" /><testcase classname="tests.test_iteration_22_github_rest_push.TestDoPushScenarios" name="test_existing_repo_with_commits" time="0.008" /><testcase classname="tests.test_iteration_22_github_rest_push.TestDoPushScenarios" name="test_new_branch_404" time="0.005" /><testcase classname="tests.test_iteration_22_github_rest_push.TestDoPushScenarios" name="test_empty_repo_409_bootstrap" time="0.005" /><testcase classname="tests.test_iteration_22_github_rest_push.TestSkipPatterns" name="test_skipped_dirs_and_extensions" time="0.005" /><testcase classname="tests.test_iteration_22_github_rest_push.TestBadCredentialsGraceful" name="test_bad_token_returns_auth_failed" time="0.004" /><testcase classname="tests.test_iteration_22_github_rest_push.TestExportLockRegression" name="test_non_admin_below_threshold_blocks_push" time="0.004" /></testsuite></testsuites>