<?xml version="1.0" encoding="utf-8"?><testsuites name="pytest tests"><testsuite name="pytest" errors="0" failures="1" skipped="0" tests="39" time="6.202" timestamp="2026-05-19T18:41:27.665201+00:00" hostname="agent-env-7b3e6866-9b4f-44e5-bf80-f6619e99f671"><testcase classname="tests.test_iteration_22_github_rest_push.TestSourceLevelHotfix" name="test_no_subprocess_import" time="0.001" /><testcase classname="tests.test_iteration_22_github_rest_push.TestSourceLevelHotfix" name="test_no_subprocess_calls" time="0.000" /><testcase classname="tests.test_iteration_22_github_rest_push.TestSourceLevelHotfix" name="test_no_git_binary_string" time="0.001" /><testcase classname="tests.test_iteration_22_github_rest_push.TestTokenFormatValidation" name="test_invalid_format_rejected_before_network" time="0.001" /><testcase classname="tests.test_iteration_22_github_rest_push.TestTokenFormatValidation" name="test_empty_token_rejected" time="0.001" /><testcase classname="tests.test_iteration_22_github_rest_push.TestTokenFormatValidation" name="test_too_short_token_rejected" time="0.000" /><testcase classname="tests.test_iteration_22_github_rest_push.TestTokenFormatValidation" name="test_fine_grained_format_passes_check" time="0.001" /><testcase classname="tests.test_iteration_22_github_rest_push.TestTokenFormatValidation" name="test_classic_format_with_bad_credentials" time="0.001" /><testcase classname="tests.test_iteration_22_github_rest_push.TestDoPushScenarios" name="test_existing_repo_with_commits" time="0.009" /><testcase classname="tests.test_iteration_22_github_rest_push.TestDoPushScenarios" name="test_new_branch_404" time="0.005" /><testcase classname="tests.test_iteration_22_github_rest_push.TestDoPushScenarios" name="test_empty_repo_409_bootstrap" time="0.005" /><testcase classname="tests.test_iteration_22_github_rest_push.TestSkipPatterns" name="test_skipped_dirs_and_extensions" time="0.005" /><testcase classname="tests.test_iteration_22_github_rest_push.TestBadCredentialsGraceful" name="test_bad_token_returns_auth_failed" time="0.004" /><testcase classname="tests.test_iteration_22_github_rest_push.TestExportLockRegression" name="test_non_admin_below_threshold_blocks_push" time="0.005" /><testcase classname="tests.test_iteration_23_audio_room_deploy.TestAudioRoomDeployTargets" name="test_deploy_render" time="0.212" /><testcase classname="tests.test_iteration_23_audio_room_deploy.TestAudioRoomDeployTargets" name="test_deploy_vps" time="0.002" /><testcase classname="tests.test_iteration_23_audio_room_deploy.TestAudioRoomDeployTargets" name="test_deploy_railway" time="0.002" /><testcase classname="tests.test_iteration_23_audio_room_deploy.TestAudioRoomDeployTargets" name="test_deploy_invalid_falls_back_to_render" time="0.002" /><testcase classname="tests.test_iteration_23_audio_room_deploy.TestAudioRoomDeployTargets" name="test_deploy_empty_falls_back_to_render" time="0.002" /><testcase classname="tests.test_iteration_23_audio_room_deploy.TestFilesMaterialized" name="test_all_deploy_files_present_and_placeholders_replaced" time="0.002" /><testcase classname="tests.test_iteration_23_audio_room_deploy.TestGmailMagicLink" name="test_magic_link_with_lluvia_live_host" time="0.378" /><testcase classname="tests.test_iteration_23_audio_room_deploy.TestGmailMagicLink" name="test_magic_link_with_emergent_preview_host" time="0.143" /><testcase classname="tests.test_iteration_23_audio_room_deploy.TestGmailMagicLink" name="test_magic_link_no_match_falls_back_to_env" time="0.133" /><testcase classname="tests.test_iteration_23_audio_room_deploy.TestGmailMagicLink" name="test_magic_link_logic_unknown_host_uses_env_or_base_url" time="0.001" /><testcase classname="tests.test_iteration_23_audio_room_deploy.TestCreateRepoEndpoint" name="test_create_repo_no_token_returns_400" time="0.263" /><testcase classname="tests.test_iteration_23_audio_room_deploy.TestCreateRepoEndpoint" name="test_create_repo_invalid_name_returns_400" time="0.247" /><testcase classname="tests.test_iteration_23_audio_room_deploy.TestCreateRepoEndpoint" name="test_create_repo_no_auth_returns_401" time="0.130" /><testcase classname="tests.test_iteration_20_pricing_pushlock.TestAdminPricingGet" name="test_admin_get_pricing" time="0.487"><failure message="AssertionError: assert 3 == 4&#10; +  where 3 = len([{'coming_soon': True, 'default_price': 50, 'name': 'Radio Online (en backlog)', 'screens': ['Home', 'Player', 'Programación', 'Locutor'], ...}, {'coming_soon': True, 'default_price': 35, 'name': 'Landing Peluquería + Booking (en backlog)', 'screens': ['Landing', 'Servicios', 'Booking', 'Mi turno'], ...}, {'coming_soon': True, 'default_price': 80, 'name': 'Ecommerce simple con Stripe (en backlog)', 'screens': ['Catálogo', 'Producto', 'Carrito', 'Checkout'], ...}])">E   AssertionError: assert 3 == 4
     +  where 3 = len([{'coming_soon': True, 'default_price': 50, 'name': 'Radio Online (en backlog)', 'screens': ['Home', 'Player', 'Programación', 'Locutor'], ...}, {'coming_soon': True, 'default_price': 35, 'name': 'Landing Peluquería + Booking (en backlog)', 'screens': ['Landing', 'Servicios', 'Booking', 'Mi turno'], ...}, {'coming_soon': True, 'default_price': 80, 'name': 'Ecommerce simple con Stripe (en backlog)', 'screens': ['Catálogo', 'Producto', 'Carrito', 'Checkout'], ...}])</failure></testcase><testcase classname="tests.test_iteration_20_pricing_pushlock.TestAdminPricingGet" name="test_user_get_pricing_403" time="0.461" /><testcase classname="tests.test_iteration_20_pricing_pushlock.TestAdminPricingGet" name="test_no_auth_get_pricing" time="0.126" /><testcase classname="tests.test_iteration_20_pricing_pushlock.TestAdminPricingPut" name="test_put_updates_and_persists" time="0.471" /><testcase classname="tests.test_iteration_20_pricing_pushlock.TestAdminPricingPut" name="test_put_unknown_tool_id_ignored" time="0.251" /><testcase classname="tests.test_iteration_20_pricing_pushlock.TestAdminPricingPut" name="test_put_negative_saturates_to_zero" time="0.380" /><testcase classname="tests.test_iteration_20_pricing_pushlock.TestAdminPricingPut" name="test_put_string_value_ignored" time="0.233" /><testcase classname="tests.test_iteration_20_pricing_pushlock.TestAdminPricingPut" name="test_put_user_403" time="0.109" /><testcase classname="tests.test_iteration_20_pricing_pushlock.TestPushLock" name="test_user_low_balance_locked" time="0.469" /><testcase classname="tests.test_iteration_20_pricing_pushlock.TestPushLock" name="test_threshold_modified_unlocks" time="0.461" /><testcase classname="tests.test_iteration_20_pricing_pushlock.TestPushLock" name="test_admin_bypasses_push_lock" time="0.252" /><testcase classname="tests.test_iteration_20_pricing_pushlock.TestDynamicCost" name="test_get_tool_price_reflects_admin_change" time="0.543" /></testsuite></testsuites>