<?xml version="1.0" encoding="utf-8"?><testsuites name="pytest tests"><testsuite name="pytest" errors="0" failures="0" skipped="0" tests="9" time="6.343" timestamp="2026-05-16T11:47:48.846037+00:00" hostname="agent-env-7b3e6866-9b4f-44e5-bf80-f6619e99f671"><testcase classname="backend.tests.test_iteration_7_vision.TestUploadImage" name="test_upload_png_ok" time="0.787" /><testcase classname="backend.tests.test_iteration_7_vision.TestUploadImage" name="test_upload_rejects_bad_mime" time="0.111" /><testcase classname="backend.tests.test_iteration_7_vision.TestUploadImage" name="test_upload_rejects_too_large" time="0.611" /><testcase classname="backend.tests.test_iteration_7_vision.TestUploadImage" name="test_upload_404_when_session_not_owned" time="0.122" /><testcase classname="backend.tests.test_iteration_7_vision.TestUploadImage" name="test_upload_requires_auth" time="0.121" /><testcase classname="backend.tests.test_iteration_7_vision.TestSendMessageVision" name="test_message_with_image_charges_vision_and_returns_image_urls" time="2.467" /><testcase classname="backend.tests.test_iteration_7_vision.TestSendMessageVision" name="test_message_without_image_not_charge_vision" time="0.914" /><testcase classname="backend.tests.test_iteration_7_vision.TestVoiceRegression" name="test_transcribe_endpoint_exists" time="0.119" /><testcase classname="backend.tests.test_iteration_7_vision.TestVoiceRegression" name="test_tts_endpoint_works_or_exists" time="1.003" /></testsuite></testsuites>