<?xml version="1.0" encoding="utf-8"?><testsuites name="pytest tests"><testsuite name="pytest" errors="0" failures="0" skipped="0" tests="5" time="59.695" timestamp="2026-05-16T12:28:39.716416+00:00" hostname="agent-env-7b3e6866-9b4f-44e5-bf80-f6619e99f671"><testcase classname="backend.tests.test_iteration_12_marketing_lab.TestCatalogV12" name="test_marketing_lab_in_agents" time="3.780" /><testcase classname="backend.tests.test_iteration_12_marketing_lab.TestCatalogV12" name="test_estilista_visual_includes_haircut_preview" time="0.124" /><testcase classname="backend.tests.test_iteration_12_marketing_lab.TestMarketingLabFlow" name="test_video_script_card_emitted" time="20.198" /><testcase classname="backend.tests.test_iteration_12_marketing_lab.TestMarketingLabFlow" name="test_result_preview_truncates_to_6000" time="0.109" /><testcase classname="backend.tests.test_iteration_12_marketing_lab.TestHaircutPreview" name="test_generate_haircut_preview_with_prior_image" time="35.387" /></testsuite></testsuites>