<?xml version="1.0" encoding="utf-8"?><testsuites name="pytest tests"><testsuite name="pytest" errors="0" failures="1" skipped="0" tests="11" time="6.465" timestamp="2026-05-16T03:30:46.803828+00:00" hostname="agent-env-7b3e6866-9b4f-44e5-bf80-f6619e99f671"><testcase classname="backend.tests.test_iteration_7_v12" name="test_register_grants_50_trial_oros" time="0.468" /><testcase classname="backend.tests.test_iteration_7_v12" name="test_credits_after_register_is_50" time="0.153"><failure message="AssertionError: balance expected 50, got {'user_id': 'd66c7dac-49b4-4bbb-9fac-1b0172be2dd6', 'balance': 150}&#10;assert 150 == 50">backend/tests/test_iteration_7_v12.py:54: in test_credits_after_register_is_50
    assert r.json()["balance"] == 50, f"balance expected 50, got {r.json()}"
E   AssertionError: balance expected 50, got {'user_id': 'd66c7dac-49b4-4bbb-9fac-1b0172be2dd6', 'balance': 150}
E   assert 150 == 50</failure></testcase><testcase classname="backend.tests.test_iteration_7_v12" name="test_public_agents_endpoint_returns_array" time="0.156" /><testcase classname="backend.tests.test_iteration_7_v12" name="test_branding_get_includes_default_theme" time="0.133" /><testcase classname="backend.tests.test_iteration_7_v12" name="test_branding_put_persists_default_theme" time="0.891" /><testcase classname="backend.tests.test_iteration_7_v12" name="test_branding_put_rejects_invalid_default_theme" time="0.197" /><testcase classname="backend.tests.test_iteration_7_v12" name="test_console_agents_listed" time="0.147" /><testcase classname="backend.tests.test_iteration_7_v12" name="test_create_session_and_send_message_charges_credit" time="2.641" /><testcase classname="backend.tests.test_iteration_7_v12" name="test_settings_get_and_put_with_github_token" time="0.380" /><testcase classname="backend.tests.test_iteration_7_v12" name="test_me_apps_and_github_history" time="0.231" /><testcase classname="backend.tests.test_iteration_7_v12" name="test_paypal_create_order_returns_approve_url" time="0.968" /></testsuite></testsuites>