<?xml version="1.0" encoding="utf-8"?><testsuites name="pytest tests"><testsuite name="pytest" errors="0" failures="0" skipped="2" tests="9" time="4.558" timestamp="2026-05-16T15:11:35.594857+00:00" hostname="agent-env-7b3e6866-9b4f-44e5-bf80-f6619e99f671"><testcase classname="backend.tests.test_iteration_16_github_validate.TestGithubValidate" name="test_requires_auth" time="0.131" /><testcase classname="backend.tests.test_iteration_16_github_validate.TestGithubValidate" name="test_returns_400_when_no_token_configured" time="0.571"><skipped type="pytest.skip" message="anti-farming 429 — skipping">/app/backend/tests/test_iteration_16_github_validate.py:64: anti-farming 429 — skipping</skipped></testcase><testcase classname="backend.tests.test_iteration_16_github_validate.TestGithubValidate" name="test_admin_validate_returns_clear_message" time="0.332" /><testcase classname="backend.tests.test_iteration_16_github_validate.TestGithubValidate" name="test_fake_token_returns_ok_false_with_clear_spanish_message" time="0.147"><skipped type="pytest.skip" message="anti-farming 429">/app/backend/tests/test_iteration_16_github_validate.py:109: anti-farming 429</skipped></testcase><testcase classname="backend.tests.test_iteration_16_github_validate.TestAdminFreeCost" name="test_admin_send_message_returns_admin_free" time="1.125" /><testcase classname="backend.tests.test_iteration_16_github_validate.TestAdminFreeCost" name="test_admin_balance_not_charged" time="1.307" /><testcase classname="backend.tests.test_iteration_16_github_validate.TestRegression" name="test_site_content_alive" time="0.131" /><testcase classname="backend.tests.test_iteration_16_github_validate.TestRegression" name="test_paypal_create_order_alive" time="0.603" /><testcase classname="backend.tests.test_iteration_16_github_validate.TestRegression" name="test_me_settings_endpoint" time="0.148" /></testsuite></testsuites>