<?xml version="1.0" encoding="utf-8"?><testsuites name="pytest tests"><testsuite name="pytest" errors="0" failures="0" skipped="0" tests="26" time="23.020" timestamp="2026-05-14T10:48:34.055875+00:00" hostname="agent-env-7b3e6866-9b4f-44e5-bf80-f6619e99f671"><testcase classname="tests.test_iteration_6_v11" name="test_create_session_with_custom_agent" time="7.523" /><testcase classname="tests.test_iteration_6_v11" name="test_create_session_unknown_agent_400" time="0.106" /><testcase classname="tests.test_iteration_6_v11" name="test_super_overview_admin" time="0.132" /><testcase classname="tests.test_iteration_6_v11" name="test_super_overview_forbidden_for_normal" time="0.801" /><testcase classname="tests.test_iteration_6_v11" name="test_super_sessions_all" time="0.116" /><testcase classname="tests.test_iteration_6_v11" name="test_super_sessions_all_forbidden" time="0.093" /><testcase classname="tests.test_iteration_6_v11" name="test_super_session_by_id_404" time="0.108" /><testcase classname="tests.test_iteration_6_v11" name="test_super_session_by_id_and_takeover" time="0.501" /><testcase classname="tests.test_iteration_6_v11" name="test_super_users" time="0.099" /><testcase classname="tests.test_iteration_6_v11" name="test_super_users_forbidden" time="0.099" /><testcase classname="tests.test_iteration_6_v11" name="test_super_github_push" time="0.726" /><testcase classname="tests.test_iteration_6_v11" name="test_super_github_push_forbidden" time="0.169" /><testcase classname="tests.test_iteration_6_v11" name="test_super_github_history" time="0.102" /><testcase classname="tests.test_iteration_6_v11" name="test_appointments_list_owner_only" time="0.192" /><testcase classname="tests.test_iteration_6_v11" name="test_appointments_delete_cancels" time="0.101" /><testcase classname="tests.test_iteration_6_v11" name="test_paypal_invoice_card_tool" time="4.952" /><testcase classname="tests.test_iteration_6_v11" name="test_book_and_check_availability" time="4.751" /><testcase classname="tests.test_iteration_6_v11" name="test_validation_past_date_invalid_format_overlap" time="0.252" /><testcase classname="tests.test_iteration_6_v11" name="test_admin_only_tools_blocked_for_normal_user" time="1.121" /><testcase classname="tests.test_iteration_6_v11" name="test_v10_promos_crud" time="0.117" /><testcase classname="tests.test_iteration_6_v11" name="test_v10_proposals_list" time="0.109" /><testcase classname="tests.test_iteration_6_v11" name="test_v10_paypal_packs" time="0.118" /><testcase classname="tests.test_iteration_6_v11" name="test_v10_paypal_webhook_403_no_sig" time="0.099" /><testcase classname="tests.test_iteration_6_v11" name="test_v10_branding_get" time="0.099" /><testcase classname="tests.test_iteration_6_v11" name="test_v10_download_info" time="0.129" /><testcase classname="tests.test_iteration_6_v11" name="test_v10_voice_call_center_auth_required" time="0.333" /></testsuite></testsuites>