<?xml version="1.0" encoding="utf-8"?><testsuites name="pytest tests"><testsuite name="pytest" errors="0" failures="0" skipped="0" tests="13" time="1.977" timestamp="2026-05-18T01:10:31.349296+00:00" hostname="agent-env-7b3e6866-9b4f-44e5-bf80-f6619e99f671"><testcase classname="tests.test_iteration_23_audio_room_deploy.TestAudioRoomDeployTargets" name="test_deploy_render" time="0.525" /><testcase classname="tests.test_iteration_23_audio_room_deploy.TestAudioRoomDeployTargets" name="test_deploy_vps" time="0.002" /><testcase classname="tests.test_iteration_23_audio_room_deploy.TestAudioRoomDeployTargets" name="test_deploy_railway" time="0.002" /><testcase classname="tests.test_iteration_23_audio_room_deploy.TestAudioRoomDeployTargets" name="test_deploy_invalid_falls_back_to_render" time="0.002" /><testcase classname="tests.test_iteration_23_audio_room_deploy.TestAudioRoomDeployTargets" name="test_deploy_empty_falls_back_to_render" time="0.002" /><testcase classname="tests.test_iteration_23_audio_room_deploy.TestFilesMaterialized" name="test_all_deploy_files_present_and_placeholders_replaced" time="0.002" /><testcase classname="tests.test_iteration_23_audio_room_deploy.TestGmailMagicLink" name="test_magic_link_with_lluvia_live_host" time="0.458" /><testcase classname="tests.test_iteration_23_audio_room_deploy.TestGmailMagicLink" name="test_magic_link_with_emergent_preview_host" time="0.114" /><testcase classname="tests.test_iteration_23_audio_room_deploy.TestGmailMagicLink" name="test_magic_link_no_match_falls_back_to_env" time="0.150" /><testcase classname="tests.test_iteration_23_audio_room_deploy.TestGmailMagicLink" name="test_magic_link_logic_unknown_host_uses_env_or_base_url" time="0.001" /><testcase classname="tests.test_iteration_23_audio_room_deploy.TestCreateRepoEndpoint" name="test_create_repo_no_token_returns_400" time="0.263" /><testcase classname="tests.test_iteration_23_audio_room_deploy.TestCreateRepoEndpoint" name="test_create_repo_invalid_name_returns_400" time="0.262" /><testcase classname="tests.test_iteration_23_audio_room_deploy.TestCreateRepoEndpoint" name="test_create_repo_no_auth_returns_401" time="0.112" /></testsuite></testsuites>