<?xml version="1.0" encoding="utf-8"?><testsuites name="pytest tests"><testsuite name="pytest" errors="0" failures="0" skipped="0" tests="14" time="1.592" timestamp="2026-05-16T21:54:48.534753+00:00" hostname="agent-env-7b3e6866-9b4f-44e5-bf80-f6619e99f671"><testcase classname="tests.test_iteration_21_gmail_autosend.TestConstants" name="test_autosend_threshold_is_09" time="0.001" /><testcase classname="tests.test_iteration_21_gmail_autosend.TestConstants" name="test_autosend_categories" time="0.000" /><testcase classname="tests.test_iteration_21_gmail_autosend.TestSendDraft" name="test_send_draft_success" time="0.001" /><testcase classname="tests.test_iteration_21_gmail_autosend.TestSendDraft" name="test_send_draft_failure_returns_none" time="0.001" /><testcase classname="tests.test_iteration_21_gmail_autosend.TestSendDraft" name="test_send_draft_exception_returns_none" time="0.001" /><testcase classname="tests.test_iteration_21_gmail_autosend.TestProcessInboxAutoSend" name="test_caseA_high_confidence_lead_caliente_autosends" time="0.096" /><testcase classname="tests.test_iteration_21_gmail_autosend.TestProcessInboxAutoSend" name="test_caseB_low_confidence_no_autosend" time="0.008" /><testcase classname="tests.test_iteration_21_gmail_autosend.TestProcessInboxAutoSend" name="test_caseC_high_confidence_comercial_no_autosend" time="0.006" /><testcase classname="tests.test_iteration_21_gmail_autosend.TestProcessInboxAutoSend" name="test_caseD_high_confidence_soporte_autosends" time="0.005" /><testcase classname="tests.test_iteration_21_gmail_autosend.TestProcessInboxAutoSend" name="test_caseE_spam_no_draft_no_send" time="0.005" /><testcase classname="tests.test_iteration_21_gmail_autosend.TestSystemPrompt" name="test_prompt_contains_autosender_rules" time="0.003" /><testcase classname="tests.test_iteration_21_gmail_autosend.TestSystemPrompt" name="test_classify_returns_spam_for_facebook_when_llm_says_so" time="0.314" /><testcase classname="tests.test_iteration_21_gmail_autosend.TestMetricsEndpoint" name="test_metrics_has_autosend_fields" time="0.631" /><testcase classname="tests.test_iteration_21_gmail_autosend.TestMetricsEndpoint" name="test_metrics_requires_admin" time="0.143" /></testsuite></testsuites>