<?xml version="1.0" encoding="utf-8"?><testsuites name="pytest tests"><testsuite name="pytest" errors="0" failures="0" skipped="0" tests="18" time="6.270" timestamp="2026-04-28T16:21:11.256173+00:00" hostname="agent-env-7b3e6866-9b4f-44e5-bf80-f6619e99f671"><testcase classname="backend.tests.test_iteration_4_admin_telegram.TestAdminMigration" name="test_new_admin_login_ok" time="0.398" /><testcase classname="backend.tests.test_iteration_4_admin_telegram.TestAdminMigration" name="test_old_admin_login_rejected" time="0.116" /><testcase classname="backend.tests.test_iteration_4_admin_telegram.TestAdminMigration" name="test_old_admin_login_other_passwords_rejected" time="0.592" /><testcase classname="backend.tests.test_iteration_4_admin_telegram.TestAdminMigration" name="test_only_one_admin_in_system" time="0.601" /><testcase classname="backend.tests.test_iteration_4_admin_telegram.TestBrandingDefaults" name="test_branding_public_no_auth" time="0.167" /><testcase classname="backend.tests.test_iteration_4_admin_telegram.TestMiRendimientoCommand" name="test_command_with_juan_chat_id" time="0.104" /><testcase classname="backend.tests.test_iteration_4_admin_telegram.TestMiRendimientoCommand" name="test_command_with_unknown_chat_id" time="0.112" /><testcase classname="backend.tests.test_iteration_4_admin_telegram.TestTelegramWebhook" name="test_webhook_invalid_token_403" time="0.120" /><testcase classname="backend.tests.test_iteration_4_admin_telegram.TestTelegramWebhook" name="test_webhook_valid_token_returns_ok" time="0.989" /><testcase classname="backend.tests.test_iteration_4_admin_telegram.TestTelegramWebhook" name="test_webhook_unknown_user_does_not_crash" time="1.053" /><testcase classname="backend.tests.test_iteration_4_admin_telegram.TestTelegramWebhook" name="test_webhook_malformed_payload_does_not_500" time="0.117" /><testcase classname="backend.tests.test_iteration_4_admin_telegram.TestAffiliateLink" name="test_juan_login_and_stats" time="0.565" /><testcase classname="backend.tests.test_iteration_4_admin_telegram.TestRegression" name="test_root" time="0.115" /><testcase classname="backend.tests.test_iteration_4_admin_telegram.TestRegression" name="test_status" time="0.160" /><testcase classname="backend.tests.test_iteration_4_admin_telegram.TestRegression" name="test_command_general" time="0.116" /><testcase classname="backend.tests.test_iteration_4_admin_telegram.TestRegression" name="test_affiliates_list_admin" time="0.109" /><testcase classname="backend.tests.test_iteration_4_admin_telegram.TestTelegramBotIdentity" name="test_get_me" time="0.360" /><testcase classname="backend.tests.test_iteration_4_admin_telegram.TestTelegramBotIdentity" name="test_webhook_info_points_to_us" time="0.383" /></testsuite></testsuites>