<?xml version="1.0" encoding="utf-8"?><testsuites name="pytest tests"><testsuite name="pytest" errors="0" failures="0" skipped="0" tests="16" time="21.884" timestamp="2026-04-28T15:00:02.855429+00:00" hostname="agent-env-7b3e6866-9b4f-44e5-bf80-f6619e99f671"><testcase classname="backend.tests.test_bot_multiplataforma.TestBasicEndpoints" name="test_root" time="0.187" /><testcase classname="backend.tests.test_bot_multiplataforma.TestBasicEndpoints" name="test_status" time="0.062" /><testcase classname="backend.tests.test_bot_multiplataforma.TestCommands" name="test_help_command" time="0.055" /><testcase classname="backend.tests.test_bot_multiplataforma.TestCommands" name="test_status_command" time="0.056" /><testcase classname="backend.tests.test_bot_multiplataforma.TestCommands" name="test_create_app" time="0.111" /><testcase classname="backend.tests.test_bot_multiplataforma.TestCommands" name="test_github_not_configured" time="0.056" /><testcase classname="backend.tests.test_bot_multiplataforma.TestCommands" name="test_server_command_echo" time="0.051" /><testcase classname="backend.tests.test_bot_multiplataforma.TestCommands" name="test_security_blocks_dangerous" time="0.067" /><testcase classname="backend.tests.test_bot_multiplataforma.TestCommands" name="test_command_missing_message" time="0.058" /><testcase classname="backend.tests.test_bot_multiplataforma.TestAI" name="test_ai_business_reply" time="8.075" /><testcase classname="backend.tests.test_bot_multiplataforma.TestAI" name="test_memory_context_followup" time="12.729" /><testcase classname="backend.tests.test_bot_multiplataforma.TestWhatsAppWebhook" name="test_verify_ok" time="0.054" /><testcase classname="backend.tests.test_bot_multiplataforma.TestWhatsAppWebhook" name="test_verify_wrong_token" time="0.058" /><testcase classname="backend.tests.test_bot_multiplataforma.TestWhatsAppWebhook" name="test_post_valid_payload" time="0.058" /><testcase classname="backend.tests.test_bot_multiplataforma.TestTelegramWebhook" name="test_invalid_token_403" time="0.062" /><testcase classname="backend.tests.test_bot_multiplataforma.TestInstagramWebhook" name="test_post_valid_payload" time="0.056" /></testsuite></testsuites>